#
# There is insufficient memory for the Java Runtime Environment to continue.
# Native memory allocation (mmap) failed to map 134217728 bytes for G1 virtual space
# Possible reasons:
#   The system is out of physical RAM or swap space
#   The process is running with CompressedOops enabled, and the Java Heap may be blocking the growth of the native heap
# Possible solutions:
#   Reduce memory load on the system
#   Increase physical memory or swap space
#   Check if swap backing store is full
#   Decrease Java heap size (-Xmx/-Xms)
#   Decrease number of Java threads
#   Decrease Java thread stack sizes (-Xss)
#   Set larger code cache with -XX:ReservedCodeCacheSize=
#   JVM is running with Unscaled Compressed Oops mode in which the Java heap is
#     placed in the first 4GB address space. The Java Heap base address is the
#     maximum limit for the native heap growth. Please use -XX:HeapBaseMinAddress
#     to set the Java Heap base and to place the Java Heap above 4GB virtual address.
# This output file may be truncated or incomplete.
#
#  Out of Memory Error (os_windows.cpp:3760), pid=12892, tid=16612
#
# JRE version:  (17.0.5+1) (build )
# Java VM: OpenJDK 64-Bit Server VM (17.0.5+1-b653.25, mixed mode, sharing, tiered, compressed oops, compressed class ptrs, g1 gc, windows-amd64)
# No core dump will be written. Minidumps are not enabled by default on client versions of Windows
#

---------------  S U M M A R Y ------------

Command Line: git4idea.http.GitAskPassApp Username for 'https://github.com': 

Host: Intel(R) Core(TM) i5-8250U CPU @ 1.60GHz, 8 cores, 7G,  Windows 11 , 64 bit Build 22621 (10.0.22621.1344)
Time: Wed Apr  5 22:58:11 2023 Central European Summer Time elapsed time: 0.023844 seconds (0d 0h 0m 0s)

---------------  T H R E A D  ---------------

Current thread (0x000001c0d82fa0f0):  JavaThread "Unknown thread" [_thread_in_vm, id=16612, stack(0x0000008981400000,0x0000008981500000)]

Stack: [0x0000008981400000,0x0000008981500000]
Native frames: (J=compiled Java code, j=interpreted, Vv=VM code, C=native code)
V  [jvm.dll+0x6830ca]
V  [jvm.dll+0x83f4c4]
V  [jvm.dll+0x840c6e]
V  [jvm.dll+0x8412d3]
V  [jvm.dll+0x2490b5]
V  [jvm.dll+0x67ff99]
V  [jvm.dll+0x6744aa]
V  [jvm.dll+0x308f2b]
V  [jvm.dll+0x3103e6]
V  [jvm.dll+0x36013e]
V  [jvm.dll+0x36036f]
V  [jvm.dll+0x2df018]
V  [jvm.dll+0x2dff84]
V  [jvm.dll+0x810d91]
V  [jvm.dll+0x36df31]
V  [jvm.dll+0x7f028c]
V  [jvm.dll+0x3f0cbf]
V  [jvm.dll+0x3f2801]
C  [jli.dll+0x526b]
C  [ucrtbase.dll+0x29363]
C  [KERNEL32.DLL+0x126bd]
C  [ntdll.dll+0x5a9f8]


---------------  P R O C E S S  ---------------

Threads class SMR info:
_java_thread_list=0x00007ffe607d8f98, length=0, elements={
}

Java Threads: ( => current thread )

Other Threads:
  0x000001c0d8354580 GCTaskThread "GC Thread#0" [stack: 0x0000008981500000,0x0000008981600000] [id=4924]
  0x000001c0d8366110 ConcurrentGCThread "G1 Main Marker" [stack: 0x0000008981600000,0x0000008981700000] [id=22328]
  0x000001c0d8366c80 ConcurrentGCThread "G1 Conc#0" [stack: 0x0000008981700000,0x0000008981800000] [id=33072]

[error occurred during error reporting (printing all threads), id 0xc0000005, EXCEPTION_ACCESS_VIOLATION (0xc0000005) at pc=0x00007ffe5ff8fbd7]

VM state: not at safepoint (not fully initialized)

VM Mutex/Monitor currently owned by a thread:  ([mutex/lock_event])
[0x000001c0d82f6700] Heap_lock - owner thread: 0x000001c0d82fa0f0

Heap address: 0x0000000081e00000, size: 2018 MB, Compressed Oops mode: 32-bit

CDS archive(s) mapped at: [0x0000000000000000-0x0000000000000000-0x0000000000000000), size 0, SharedBaseAddress: 0x0000000800000000, ArchiveRelocationMode: 0.
Narrow klass base: 0x0000000000000000, Narrow klass shift: 0, Narrow klass range: 0x0

GC Precious Log:
<Empty>

Heap:
 garbage-first heap   total 0K, used 0K [0x0000000081e00000, 0x0000000100000000)
  region size 1024K, 0 young (0K), 0 survivors (0K)

[error occurred during error reporting (printing heap information), id 0xc0000005, EXCEPTION_ACCESS_VIOLATION (0xc0000005) at pc=0x00007ffe6037cd59]

GC Heap History (0 events):
No events

Dll operation events (1 events):
Event: 0.011 Loaded shared library D:\JetBrains\IntelliJ IDEA 2022.3.2\jbr\bin\java.dll

Deoptimization events (0 events):
No events

Classes unloaded (0 events):
No events

Classes redefined (0 events):
No events

Internal exceptions (0 events):
No events

VM Operations (0 events):
No events

Events (0 events):
No events


Dynamic libraries:
0x00007ff70b3e0000 - 0x00007ff70b3ea000 	D:\JetBrains\IntelliJ IDEA 2022.3.2\jbr\bin\java.exe
0x00007ffea3f10000 - 0x00007ffea4124000 	C:\WINDOWS\SYSTEM32\ntdll.dll
0x00007ffea2080000 - 0x00007ffea2143000 	C:\WINDOWS\System32\KERNEL32.DLL
0x00007ffea1350000 - 0x00007ffea16ec000 	C:\WINDOWS\System32\KERNELBASE.dll
0x00007ffea16f0000 - 0x00007ffea1801000 	C:\WINDOWS\System32\ucrtbase.dll
0x00007ffe66cd0000 - 0x00007ffe66ce7000 	D:\JetBrains\IntelliJ IDEA 2022.3.2\jbr\bin\jli.dll
0x00007ffe8e0c0000 - 0x00007ffe8e0db000 	D:\JetBrains\IntelliJ IDEA 2022.3.2\jbr\bin\VCRUNTIME140.dll
0x00007ffea29c0000 - 0x00007ffea2b6d000 	C:\WINDOWS\System32\USER32.dll
0x00007ffea1810000 - 0x00007ffea1836000 	C:\WINDOWS\System32\win32u.dll
0x00007ffe8c5d0000 - 0x00007ffe8c85e000 	C:\WINDOWS\WinSxS\amd64_microsoft.windows.common-controls_6595b64144ccf1df_6.0.22621.608_none_a9444ca7c10bb01d\COMCTL32.dll
0x00007ffea23b0000 - 0x00007ffea23d9000 	C:\WINDOWS\System32\GDI32.dll
0x00007ffea1d30000 - 0x00007ffea1dd7000 	C:\WINDOWS\System32\msvcrt.dll
0x00007ffea1a20000 - 0x00007ffea1b33000 	C:\WINDOWS\System32\gdi32full.dll
0x00007ffea1b40000 - 0x00007ffea1bda000 	C:\WINDOWS\System32\msvcp_win.dll
0x00007ffea3c90000 - 0x00007ffea3cc1000 	C:\WINDOWS\System32\IMM32.DLL
0x00007ffe8e1a0000 - 0x00007ffe8e1ac000 	D:\JetBrains\IntelliJ IDEA 2022.3.2\jbr\bin\vcruntime140_1.dll
0x00007ffe73e00000 - 0x00007ffe73e8d000 	D:\JetBrains\IntelliJ IDEA 2022.3.2\jbr\bin\msvcp140.dll
0x00007ffe5fca0000 - 0x00007ffe6090b000 	D:\JetBrains\IntelliJ IDEA 2022.3.2\jbr\bin\server\jvm.dll
0x00007ffea39c0000 - 0x00007ffea3a6e000 	C:\WINDOWS\System32\ADVAPI32.dll
0x00007ffea1e70000 - 0x00007ffea1f14000 	C:\WINDOWS\System32\sechost.dll
0x00007ffea21d0000 - 0x00007ffea22e5000 	C:\WINDOWS\System32\RPCRT4.dll
0x00007ffe99780000 - 0x00007ffe997b4000 	C:\WINDOWS\SYSTEM32\WINMM.dll
0x00007ffe9b730000 - 0x00007ffe9b739000 	C:\WINDOWS\SYSTEM32\WSOCK32.dll
0x00007ffe98240000 - 0x00007ffe9824a000 	C:\WINDOWS\SYSTEM32\VERSION.dll
0x00007ffea2000000 - 0x00007ffea2071000 	C:\WINDOWS\System32\WS2_32.dll
0x00007ffea03a0000 - 0x00007ffea03b8000 	C:\WINDOWS\SYSTEM32\kernel.appcore.dll
0x00007ffe83720000 - 0x00007ffe8372a000 	D:\JetBrains\IntelliJ IDEA 2022.3.2\jbr\bin\jimage.dll
0x00007ffe8a0f0000 - 0x00007ffe8a31e000 	C:\WINDOWS\SYSTEM32\DBGHELP.DLL
0x00007ffea2b70000 - 0x00007ffea2ef9000 	C:\WINDOWS\System32\combase.dll
0x00007ffea2f00000 - 0x00007ffea2fd7000 	C:\WINDOWS\System32\OLEAUT32.dll
0x00007ffe89b30000 - 0x00007ffe89b62000 	C:\WINDOWS\SYSTEM32\dbgcore.DLL
0x00007ffea1ca0000 - 0x00007ffea1d1b000 	C:\WINDOWS\System32\bcryptPrimitives.dll
0x00007ffe6fc50000 - 0x00007ffe6fc75000 	D:\JetBrains\IntelliJ IDEA 2022.3.2\jbr\bin\java.dll

dbghelp: loaded successfully - version: 4.0.5 - missing functions: none
symbol engine: initialized successfully - sym options: 0x614 - pdb path: .;D:\JetBrains\IntelliJ IDEA 2022.3.2\jbr\bin;C:\WINDOWS\SYSTEM32;C:\WINDOWS\WinSxS\amd64_microsoft.windows.common-controls_6595b64144ccf1df_6.0.22621.608_none_a9444ca7c10bb01d;D:\JetBrains\IntelliJ IDEA 2022.3.2\jbr\bin\server

VM Arguments:
java_command: git4idea.http.GitAskPassApp Username for 'https://github.com': 
java_class_path (initial): D:/JetBrains/IntelliJ IDEA 2022.3.2/plugins/vcs-git/lib/git4idea-rt.jar;D:/JetBrains/IntelliJ IDEA 2022.3.2/lib/externalProcess-rt.jar;D:/JetBrains/IntelliJ IDEA 2022.3.2/lib/app.jar;D:/JetBrains/IntelliJ IDEA 2022.3.2/lib/3rd-party-rt.jar
Launcher Type: SUN_STANDARD

[Global flags]
     intx CICompilerCount                          = 4                                         {product} {ergonomic}
     uint ConcGCThreads                            = 2                                         {product} {ergonomic}
     uint G1ConcRefinementThreads                  = 8                                         {product} {ergonomic}
   size_t G1HeapRegionSize                         = 1048576                                   {product} {ergonomic}
    uintx GCDrainStackTargetSize                   = 64                                        {product} {ergonomic}
   size_t InitialHeapSize                          = 134217728                                 {product} {ergonomic}
   size_t MarkStackSize                            = 4194304                                   {product} {ergonomic}
   size_t MaxHeapSize                              = 2116026368                                {product} {ergonomic}
   size_t MinHeapDeltaBytes                        = 1048576                                   {product} {ergonomic}
   size_t MinHeapSize                              = 8388608                                   {product} {ergonomic}
    uintx NonNMethodCodeHeapSize                   = 5839372                                {pd product} {ergonomic}
    uintx NonProfiledCodeHeapSize                  = 122909434                              {pd product} {ergonomic}
    uintx ProfiledCodeHeapSize                     = 122909434                              {pd product} {ergonomic}
    uintx ReservedCodeCacheSize                    = 251658240                              {pd product} {ergonomic}
     bool SegmentedCodeCache                       = true                                      {product} {ergonomic}
   size_t SoftMaxHeapSize                          = 2116026368                             {manageable} {ergonomic}
     bool UseCompressedClassPointers               = true                           {product lp64_product} {ergonomic}
     bool UseCompressedOops                        = true                           {product lp64_product} {ergonomic}
     bool UseG1GC                                  = true                                      {product} {ergonomic}
     bool UseLargePagesIndividualAllocation        = false                                  {pd product} {ergonomic}

Logging:
Log output configuration:
 #0: stdout all=warning uptime,level,tags
 #1: stderr all=off uptime,level,tags

Environment Variables:
PATH=C:\Program Files\Git\mingw64\libexec\git-core;C:\Program Files\Git\mingw64\libexec\git-core;C:\Program Files\Git\mingw64\bin;C:\Program Files\Git\usr\bin;C:\Users\jjsas\bin;C:\WINDOWS\system32;C:\WINDOWS;C:\WINDOWS\System32\Wbem;C:\WINDOWS\System32\WindowsPowerShell\v1.0;C:\WINDOWS\System32\OpenSSH;C:\Program Files\Git\cmd;C:\Users\jjsas\AppData\Local\Microsoft\WindowsApps;D:\JetBrains\IntelliJ IDEA 2022.3.2\bin;C:\Users\jjsas\.jdks\corretto-17.0.6\bin
USERNAME=jjsas
DISPLAY=:0.0
LC_ALL=en_US.UTF-8
TERM=xterm-256color
TMPDIR=C:\Users\jjsas\AppData\Local\Temp
OS=Windows_NT
PROCESSOR_IDENTIFIER=Intel64 Family 6 Model 142 Stepping 10, GenuineIntel
TMP=C:\Users\jjsas\AppData\Local\Temp
TEMP=C:\Users\jjsas\AppData\Local\Temp



---------------  S Y S T E M  ---------------

OS:
 Windows 11 , 64 bit Build 22621 (10.0.22621.1344)
OS uptime: 13 days 7:58 hours

CPU: total 8 (initial active 8) (4 cores per cpu, 2 threads per core) family 6 model 142 stepping 10 microcode 0xe0, cx8, cmov, fxsr, ht, mmx, 3dnowpref, sse, sse2, sse3, ssse3, sse4.1, sse4.2, popcnt, lzcnt, tsc, tscinvbit, avx, avx2, aes, erms, clmul, bmi1, bmi2, adx, fma, vzeroupper, clflush, clflushopt

Memory: 4k page, system-wide physical 8066M (982M free)
TotalPageFile size 20961M (AvailPageFile size 128M)
current process WorkingSet (physical memory assigned to process): 11M, peak: 11M
current process commit charge ("private bytes"): 60M, peak: 188M

vm_info: OpenJDK 64-Bit Server VM (17.0.5+1-b653.25) for windows-amd64 JRE (17.0.5+1-b653.25), built on 2023-01-04 by "builduser" with MS VC++ 16.10 / 16.11 (VS2019)

END.
